Some other log
A <- B <- B <- A <- B <- B <- C <- D <- A <- B <- B <- A <- B <- B <- C <- D
A <- B <- B <- A <- B <- B <- C <- D <- A <- B <- B <- A <- B <- B <- C <- D
A <- B <- B <- A <- B <- B <- C <- D <- A <- B <- B <- A <- B <- B <- C <- D

C <- D <- A <- B <- B <- A <- B <- B <- C <- D <- A <- B <- B <- A <- B <- B
C <- D <- A <- B <- B <- A <- B <- B <- C <- D <- A <- B <- B <- A <- B <- B
C <- D <- A <- B <- B <- A <- B <- B <- C <- D <- A <- B <- B <- A <- B <- B

B <- B <- B <- B <- B
B <- B <- B <- B <- B
B <- B <- B <- B <- B

A
B
B
A
B
B
C
D
A
B
B
A
B
B
C
D
